<?xml version="1.0" encoding="UTF-8"?>
<!-- Generated by org.testng.reporters.JUnitReportReporter -->
<testsuite hostname="ACER-PC" name="TestPak.Test" tests="1" failures="0" timestamp="22 Apr 2017 02:23:09 GMT" time="0.035" errors="0">
  <testcase name="testMethod" time="0.035" classname="TestPak.Test"/>
</testsuite> <!-- TestPak.Test -->
